android-smsmms/build/intermediates/manifest_merge_blame_file/debug/processDebugManifest/manifest-merger-blame-debug-report.txt
1<?xml version="1.0" encoding="utf-8"?>
2<manifest xmlns:android="http://schemas.android.com/apk/res/android"
3    package="com.afkanerd.klinkerapps.smsmms_android" >
4
5    <uses-sdk android:minSdkVersion="14" />
6
7    <application>
7-->src/main/AndroidManifest.xml:5:5-8:19
8        <uses-library
8-->src/main/AndroidManifest.xml:6:9-87
9            android:name="org.apache.http.legacy"
9-->src/main/AndroidManifest.xml:6:23-60
10            android:required="false" />
10-->src/main/AndroidManifest.xml:6:61-85
11    </application>
12
13</manifest>